<?xml version="1.0" encoding="UTF-8"?>
<testng-results ignored="0" total="1" passed="1" failed="0" skipped="0">
  <reporter-output>
  </reporter-output>
  <suite started-at="2022-08-13T15:15:29 EDT" name="Surefire suite" finished-at="2022-08-13T15:15:29 EDT" duration-ms="42">
    <groups>
    </groups>
    <test started-at="2022-08-13T15:15:29 EDT" name="Surefire test" finished-at="2022-08-13T15:15:29 EDT" duration-ms="42">
      <class name="Y.AppTest">
        <test-method signature="shouldAnswerWithTrue()" started-at="2022-08-13T15:15:29 EDT" name="shouldAnswerWithTrue" finished-at="2022-08-13T15:15:29 EDT" duration-ms="6" status="PASS">
          <reporter-output>
          </reporter-output>
        </test-method> <!-- shouldAnswerWithTrue -->
      </class> <!-- Y.AppTest -->
    </test> <!-- Surefire test -->
  </suite> <!-- Surefire suite -->
</testng-results>
