<?xml version="1.0" encoding="UTF-8"?>
<testsuite xmlns:xsi="http://www.w3.org/2001/XMLSchema-instance" xsi:noNamespaceSchemaLocation="https://maven.apache.org/surefire/maven-surefire-plugin/xsd/surefire-test-report.xsd" name="TestSuite" time="1.346" tests="12" errors="0" skipped="2" failures="1">
  <properties>
[...]
</properties>
  <testcase name="test1" classname="Testing1" time="0.006"/>
  <testcase name="test2" classname="Testing1" time="0.001"/>
  <testcase name="test3" classname="Testing1" time="0.001"/>
  <testcase name="test1" classname="tests.Testing1" time="0.002"/>
  <testcase name="test2" classname="tests.Testing1" time="0.003"/>
  <testcase name="test3" classname="tests.Testing1" time="0.002"/>
  <testcase name="test4" classname="tests.Testing2" time="0.006"/>
  <testcase name="test5" classname="tests.Testing2" time="0.001"/>
  <testcase name="createUser" classname="tests.Testing3" time="0.022">
    <failure message="Verifying Element expected [true] but found [false]" type="java.lang.AssertionError">java.lang.AssertionError: Verifying Element expected [true] but found [false]
	at tests.Testing3.createUser(Testing3.java:15)
</failure>
    <system-out><![CDATA[I am in home test
Before assertion
]]></system-out>
  </testcase>
  <testcase name="editUser" classname="tests.Testing3" time="0">
    <skipped message="Method tests.Testing3.editUser() on instance tests.Testing3@b62fe6d depends on not successfully finished methods &#10;[tests.Testing3.createUser() on instance tests.Testing3@b62fe6d]"/>
  </testcase>
  <testcase name="deleteUser" classname="tests.Testing3" time="0">
    <skipped message="Method tests.Testing3.deleteUser() on instance tests.Testing3@b62fe6d depends on not successfully finished methods &#10;[tests.Testing3.editUser() on instance tests.Testing3@b62fe6d]"/>
  </testcase>
  <testcase name="shouldAnswerWithTrue on shouldAnswerWithTrue(Y.AppTest)" classname="Y.AppTest" time="0"/>
</testsuite>