-------------------------------------------------------------------------------
Test set: TestSuite
-------------------------------------------------------------------------------
Tests run: 12, Failures: 1, Errors: 0, Skipped: 2, Time elapsed: 1.346 s <<< FAILURE! - in TestSuite
createUser(tests.Testing3)  Time elapsed: 0.022 s  <<< FAILURE!
java.lang.AssertionError: Verifying Element expected [true] but found [false]
	at tests.Testing3.createUser(Testing3.java:15)

